C:\PROGRAMDATA\NVIDIA CORPORATION\CUDA SAMPLES\V5.5\3_IMAGING\DCT8X8\WIN32\DEBUG\BMPUTIL.OBJ
C:\PROGRAMDATA\NVIDIA CORPORATION\CUDA SAMPLES\V5.5\3_IMAGING\DCT8X8\WIN32\DEBUG\DCT8X8_GOLD.OBJ
C:\PROGRAMDATA\NVIDIA CORPORATION\CUDA SAMPLES\V5.5\3_IMAGING\DCT8X8\WIN32\DEBUG\VC110.PDB
C:\ProgramData\NVIDIA Corporation\CUDA Samples\v5.5\bin\win32\Debug\dct8x8.lib
C:\ProgramData\NVIDIA Corporation\CUDA Samples\v5.5\bin\win32\Debug\dct8x8.exp
C:\ProgramData\NVIDIA Corporation\CUDA Samples\v5.5\3_Imaging\dct8x8\dct8x8.lib
C:\ProgramData\NVIDIA Corporation\CUDA Samples\v5.5\3_Imaging\dct8x8\dct8x8.exp
C:\PROGRAMDATA\NVIDIA CORPORATION\CUDA SAMPLES\V5.5\3_IMAGING\DCT8X8\DCT8X8.ILK
C:\PROGRAMDATA\NVIDIA CORPORATION\CUDA SAMPLES\V5.5\3_IMAGING\DCT8X8\DCT8X8.EXE
C:\PROGRAMDATA\NVIDIA CORPORATION\CUDA SAMPLES\V5.5\3_IMAGING\DCT8X8\DCT8X8.PDB
C:\ProgramData\NVIDIA Corporation\CUDA Samples\v5.5\3_Imaging\dct8x8\Win32\Debug\dct8x8.cu.cache
C:\ProgramData\NVIDIA Corporation\CUDA Samples\v5.5\3_Imaging\dct8x8\Win32\Debug\dct8x8_kernel1.cuh.cache
C:\ProgramData\NVIDIA Corporation\CUDA Samples\v5.5\3_Imaging\dct8x8\Win32\Debug\dct8x8_kernel2.cuh.cache
C:\ProgramData\NVIDIA Corporation\CUDA Samples\v5.5\3_Imaging\dct8x8\Win32\Debug\dct8x8_kernel_quantization.cuh.cache
C:\ProgramData\NVIDIA Corporation\CUDA Samples\v5.5\3_Imaging\dct8x8\Win32\Debug\dct8x8_kernel_short.cuh.cache
C:\ProgramData\NVIDIA Corporation\CUDA Samples\v5.5\3_Imaging\dct8x8\Win32\Debug\BmpUtil.obj
C:\ProgramData\NVIDIA Corporation\CUDA Samples\v5.5\3_Imaging\dct8x8\Win32\Debug\dct8x8.cu.obj
C:\ProgramData\NVIDIA Corporation\CUDA Samples\v5.5\3_Imaging\dct8x8\Win32\Debug\dct8x8_gold.obj
C:\ProgramData\NVIDIA Corporation\CUDA Samples\v5.5\3_Imaging\dct8x8\Win32\Debug\cl.command.1.tlog
C:\ProgramData\NVIDIA Corporation\CUDA Samples\v5.5\3_Imaging\dct8x8\Win32\Debug\CL.read.1.tlog
C:\ProgramData\NVIDIA Corporation\CUDA Samples\v5.5\3_Imaging\dct8x8\Win32\Debug\CL.write.1.tlog
C:\ProgramData\NVIDIA Corporation\CUDA Samples\v5.5\3_Imaging\dct8x8\Win32\Debug\dct8x8.write.1.tlog
C:\ProgramData\NVIDIA Corporation\CUDA Samples\v5.5\3_Imaging\dct8x8\Win32\Debug\link-cvtres.read.1.tlog
C:\ProgramData\NVIDIA Corporation\CUDA Samples\v5.5\3_Imaging\dct8x8\Win32\Debug\link-cvtres.write.1.tlog
C:\ProgramData\NVIDIA Corporation\CUDA Samples\v5.5\3_Imaging\dct8x8\Win32\Debug\link-rc.read.1.tlog
C:\ProgramData\NVIDIA Corporation\CUDA Samples\v5.5\3_Imaging\dct8x8\Win32\Debug\link-rc.write.1.tlog
C:\ProgramData\NVIDIA Corporation\CUDA Samples\v5.5\3_Imaging\dct8x8\Win32\Debug\link.command.1.tlog
C:\ProgramData\NVIDIA Corporation\CUDA Samples\v5.5\3_Imaging\dct8x8\Win32\Debug\link.read.1.tlog
C:\ProgramData\NVIDIA Corporation\CUDA Samples\v5.5\3_Imaging\dct8x8\Win32\Debug\link.write.1.tlog
C:\ProgramData\NVIDIA Corporation\CUDA Samples\v5.5\3_Imaging\dct8x8\Win32\Debug\vc110.idb
C:\ProgramData\NVIDIA Corporation\CUDA Samples\v5.5\3_Imaging\dct8x8\Win32\Debug\vc110.pdb
C:\ProgramData\NVIDIA Corporation\CUDA Samples\v5.5\3_Imaging\dct8x8\.\dct8x8.exe
